[20-Nov-2017 02:15:26 UTC] PHP Fatal error:  Class 'App\Http\Controllers\Tasks' not found in /home/ubuntu/workspace/tasklist/app/Http/Controllers/TasksController.php on line 35
[20-Nov-2017 02:15:26 UTC] PHP Stack trace:
[20-Nov-2017 02:15:26 UTC] PHP   1. {main}() /home/ubuntu/workspace/tasklist/server.php:0
[20-Nov-2017 02:15:26 UTC] PHP   2. require_once() /home/ubuntu/workspace/tasklist/server.php:21
[20-Nov-2017 02:15:26 UTC] PHP   3. Illuminate\Foundation\Http\Kernel->handle() /home/ubuntu/workspace/tasklist/public/index.php:54
[20-Nov-2017 02:15:26 UTC] PHP   4. Illuminate\Foundation\Http\Kernel->sendRequestThroughRouter() /home/ubuntu/workspace/tasklist/vendor/laravel/framework/src/Illuminate/Foundation/Http/Kernel.php:87
[20-Nov-2017 02:15:26 UTC] PHP   5. Illuminate\Pipeline\Pipeline->then() /home/ubuntu/workspace/tasklist/vendor/laravel/framework/src/Illuminate/Foundation/Http/Kernel.php:122
[20-Nov-2017 02:15:26 UTC] PHP   6. call_user_func:{/home/ubuntu/workspace/tasklist/vendor/laravel/framework/src/Illuminate/Pipeline/Pipeline.php:103}() /home/ubuntu/workspace/tasklist/vendor/laravel/framework/src/Illuminate/Pipeline/Pipeline.php:103
[20-Nov-2017 02:15:26 UTC] PHP   7. Illuminate\Pipeline\Pipeline->Illuminate\Pipeline\{closure}() /home/ubuntu/workspace/tasklist/vendor/laravel/framework/src/Illuminate/Pipeline/Pipeline.php:103
[20-Nov-2017 02:15:26 UTC] PHP   8. call_user_func_array:{/home/ubuntu/workspace/tasklist/vendor/laravel/framework/src/Illuminate/Pipeline/Pipeline.php:124}() /home/ubuntu/workspace/tasklist/vendor/laravel/framework/src/Illuminate/Pipeline/Pipeline.php:124
[20-Nov-2017 02:15:26 UTC] PHP   9. Illuminate\Foundation\Http\Middleware\CheckForMaintenanceMode->handle() /home/ubuntu/workspace/tasklist/vendor/laravel/framework/src/Illuminate/Pipeline/Pipeline.php:124
[20-Nov-2017 02:15:26 UTC] PHP  10. Illuminate\Pipeline\Pipeline->Illuminate\Pipeline\{closure}() /home/ubuntu/workspace/tasklist/vendor/laravel/framework/src/Illuminate/Foundation/Http/Middleware/CheckForMaintenanceMode.php:44
[20-Nov-2017 02:15:26 UTC] PHP  11. call_user_func_array:{/home/ubuntu/workspace/tasklist/vendor/laravel/framework/src/Illuminate/Pipeline/Pipeline.php:124}() /home/ubuntu/workspace/tasklist/vendor/laravel/framework/src/Illuminate/Pipeline/Pipeline.php:124
[20-Nov-2017 02:15:26 UTC] PHP  12. Illuminate\Cookie\Middleware\EncryptCookies->handle() /home/ubuntu/workspace/tasklist/vendor/laravel/framework/src/Illuminate/Pipeline/Pipeline.php:124
[20-Nov-2017 02:15:26 UTC] PHP  13. Illuminate\Pipeline\Pipeline->Illuminate\Pipeline\{closure}() /home/ubuntu/workspace/tasklist/vendor/laravel/framework/src/Illuminate/Cookie/Middleware/EncryptCookies.php:59
[20-Nov-2017 02:15:26 UTC] PHP  14. call_user_func_array:{/home/ubuntu/workspace/tasklist/vendor/laravel/framework/src/Illuminate/Pipeline/Pipeline.php:124}() /home/ubuntu/workspace/tasklist/vendor/laravel/framework/src/Illuminate/Pipeline/Pipeline.php:124
[20-Nov-2017 02:15:26 UTC] PHP  15. Illuminate\Cookie\Middleware\AddQueuedCookiesToResponse->handle() /home/ubuntu/workspace/tasklist/vendor/laravel/framework/src/Illuminate/Pipeline/Pipeline.php:124
[20-Nov-2017 02:15:26 UTC] PHP  16. Illuminate\Pipeline\Pipeline->Illuminate\Pipeline\{closure}() /home/ubuntu/workspace/tasklist/vendor/laravel/framework/src/Illuminate/Cookie/Middleware/AddQueuedCookiesToResponse.php:37
[20-Nov-2017 02:15:26 UTC] PHP  17. call_user_func_array:{/home/ubuntu/workspace/tasklist/vendor/laravel/framework/src/Illuminate/Pipeline/Pipeline.php:124}() /home/ubuntu/workspace/tasklist/vendor/laravel/framework/src/Illuminate/Pipeline/Pipeline.php:124
[20-Nov-2017 02:15:26 UTC] PHP  18. Illuminate\Session\Middleware\StartSession->handle() /home/ubuntu/workspace/tasklist/vendor/laravel/framework/src/Illuminate/Pipeline/Pipeline.php:124
[20-Nov-2017 02:15:26 UTC] PHP  19. Illuminate\Pipeline\Pipeline->Illuminate\Pipeline\{closure}() /home/ubuntu/workspace/tasklist/vendor/laravel/framework/src/Illuminate/Session/Middleware/StartSession.php:62
[20-Nov-2017 02:15:26 UTC] PHP  20. call_user_func_array:{/home/ubuntu/workspace/tasklist/vendor/laravel/framework/src/Illuminate/Pipeline/Pipeline.php:124}() /home/ubuntu/workspace/tasklist/vendor/laravel/framework/src/Illuminate/Pipeline/Pipeline.php:124
[20-Nov-2017 02:15:26 UTC] PHP  21. Illuminate\View\Middleware\ShareErrorsFromSession->handle() /home/ubuntu/workspace/tasklist/vendor/laravel/framework/src/Illuminate/Pipeline/Pipeline.php:124
[20-Nov-2017 02:15:26 UTC] PHP  22. Illuminate\Pipeline\Pipeline->Illuminate\Pipeline\{closure}() /home/ubuntu/workspace/tasklist/vendor/laravel/framework/src/Illuminate/View/Middleware/ShareErrorsFromSession.php:49
[20-Nov-2017 02:15:26 UTC] PHP  23. call_user_func_array:{/home/ubuntu/workspace/tasklist/vendor/laravel/framework/src/Illuminate/Pipeline/Pipeline.php:124}() /home/ubuntu/workspace/tasklist/vendor/laravel/framework/src/Illuminate/Pipeline/Pipeline.php:124
[20-Nov-2017 02:15:26 UTC] PHP  24. Illuminate\Foundation\Http\Middleware\VerifyCsrfToken->handle() /home/ubuntu/workspace/tasklist/vendor/laravel/framework/src/Illuminate/Pipeline/Pipeline.php:124
[20-Nov-2017 02:15:26 UTC] PHP  25. Illuminate\Pipeline\Pipeline->Illuminate\Pipeline\{closure}() /home/ubuntu/workspace/tasklist/vendor/laravel/framework/src/Illuminate/Foundation/Http/Middleware/VerifyCsrfToken.php:50
[20-Nov-2017 02:15:26 UTC] PHP  26. call_user_func:{/home/ubuntu/workspace/tasklist/vendor/laravel/framework/src/Illuminate/Pipeline/Pipeline.php:139}() /home/ubuntu/workspace/tasklist/vendor/laravel/framework/src/Illuminate/Pipeline/Pipeline.php:139
[20-Nov-2017 02:15:26 UTC] PHP  27. Illuminate\Foundation\Http\Kernel->Illuminate\Foundation\Http\{closure}() /home/ubuntu/workspace/tasklist/vendor/laravel/framework/src/Illuminate/Pipeline/Pipeline.php:139
[20-Nov-2017 02:15:26 UTC] PHP  28. Illuminate\Routing\Router->dispatch() /home/ubuntu/workspace/tasklist/vendor/laravel/framework/src/Illuminate/Foundation/Http/Kernel.php:236
[20-Nov-2017 02:15:26 UTC] PHP  29. Illuminate\Routing\Router->dispatchToRoute() /home/ubuntu/workspace/tasklist/vendor/laravel/framework/src/Illuminate/Routing/Router.php:635
[20-Nov-2017 02:15:26 UTC] PHP  30. Illuminate\Routing\Router->runRouteWithinStack() /home/ubuntu/workspace/tasklist/vendor/laravel/framework/src/Illuminate/Routing/Router.php:675
[20-Nov-2017 02:15:26 UTC] PHP  31. Illuminate\Pipeline\Pipeline->then() /home/ubuntu/workspace/tasklist/vendor/laravel/framework/src/Illuminate/Routing/Router.php:710
[20-Nov-2017 02:15:26 UTC] PHP  32. call_user_func:{/home/ubuntu/workspace/tasklist/vendor/laravel/framework/src/Illuminate/Pipeline/Pipeline.php:103}() /home/ubuntu/workspace/tasklist/vendor/laravel/framework/src/Illuminate/Pipeline/Pipeline.php:103
[20-Nov-2017 02:15:26 UTC] PHP  33. Illuminate\Pipeline\Pipeline->Illuminate\Pipeline\{closure}() /home/ubuntu/workspace/tasklist/vendor/laravel/framework/src/Illuminate/Pipeline/Pipeline.php:103
[20-Nov-2017 02:15:26 UTC] PHP  34. call_user_func:{/home/ubuntu/workspace/tasklist/vendor/laravel/framework/src/Illuminate/Pipeline/Pipeline.php:139}() /home/ubuntu/workspace/tasklist/vendor/laravel/framework/src/Illuminate/Pipeline/Pipeline.php:139
[20-Nov-2017 02:15:26 UTC] PHP  35. Illuminate\Routing\Router->Illuminate\Routing\{closure}() /home/ubuntu/workspace/tasklist/vendor/laravel/framework/src/Illuminate/Pipeline/Pipeline.php:139
[20-Nov-2017 02:15:26 UTC] PHP  36. Illuminate\Routing\Route->run() /home/ubuntu/workspace/tasklist/vendor/laravel/framework/src/Illuminate/Routing/Router.php:708
[20-Nov-2017 02:15:26 UTC] PHP  37. Illuminate\Routing\Route->runWithCustomDispatcher() /home/ubuntu/workspace/tasklist/vendor/laravel/framework/src/Illuminate/Routing/Route.php:134
[20-Nov-2017 02:15:26 UTC] PHP  38. Illuminate\Routing\ControllerDispatcher->dispatch() /home/ubuntu/workspace/tasklist/vendor/laravel/framework/src/Illuminate/Routing/Route.php:203
[20-Nov-2017 02:15:26 UTC] PHP  39. Illuminate\Routing\ControllerDispatcher->callWithinStack() /home/ubuntu/workspace/tasklist/vendor/laravel/framework/src/Illuminate/Routing/ControllerDispatcher.php:69
[20-Nov-2017 02:15:26 UTC] PHP  40. Illuminate\Pipeline\Pipeline->then() /home/ubuntu/workspace/tasklist/vendor/laravel/framework/src/Illuminate/Routing/ControllerDispatcher.php:114
[20-Nov-2017 02:15:26 UTC] PHP  41. call_user_func:{/home/ubuntu/workspace/tasklist/vendor/laravel/framework/src/Illuminate/Pipeline/Pipeline.php:103}() /home/ubuntu/workspace/tasklist/vendor/laravel/framework/src/Illuminate/Pipeline/Pipeline.php:103
[20-Nov-2017 02:15:26 UTC] PHP  42. Illuminate\Pipeline\Pipeline->Illuminate\Pipeline\{closure}() /home/ubuntu/workspace/tasklist/vendor/laravel/framework/src/Illuminate/Pipeline/Pipeline.php:103
[20-Nov-2017 02:15:26 UTC] PHP  43. call_user_func:{/home/ubuntu/workspace/tasklist/vendor/laravel/framework/src/Illuminate/Pipeline/Pipeline.php:139}() /home/ubuntu/workspace/tasklist/vendor/laravel/framework/src/Illuminate/Pipeline/Pipeline.php:139
[20-Nov-2017 02:15:26 UTC] PHP  44. Illuminate\Routing\ControllerDispatcher->Illuminate\Routing\{closure}() /home/ubuntu/workspace/tasklist/vendor/laravel/framework/src/Illuminate/Pipeline/Pipeline.php:139
[20-Nov-2017 02:15:26 UTC] PHP  45. Illuminate\Routing\ControllerDispatcher->call() /home/ubuntu/workspace/tasklist/vendor/laravel/framework/src/Illuminate/Routing/ControllerDispatcher.php:112
[20-Nov-2017 02:15:26 UTC] PHP  46. Illuminate\Routing\Controller->callAction() /home/ubuntu/workspace/tasklist/vendor/laravel/framework/src/Illuminate/Routing/ControllerDispatcher.php:164
[20-Nov-2017 02:15:26 UTC] PHP  47. call_user_func_array:{/home/ubuntu/workspace/tasklist/vendor/laravel/framework/src/Illuminate/Routing/Controller.php:256}() /home/ubuntu/workspace/tasklist/vendor/laravel/framework/src/Illuminate/Routing/Controller.php:256
[20-Nov-2017 02:15:26 UTC] PHP  48. App\Http\Controllers\TasksController->create() /home/ubuntu/workspace/tasklist/vendor/laravel/framework/src/Illuminate/Routing/Controller.php:256
[20-Nov-2017 02:18:05 UTC] PHP Fatal error:  Class 'App\Http\Controllers\Tasks' not found in /home/ubuntu/workspace/tasklist/app/Http/Controllers/TasksController.php on line 35
[20-Nov-2017 02:18:05 UTC] PHP Stack trace:
[20-Nov-2017 02:18:05 UTC] PHP   1. {main}() /home/ubuntu/workspace/tasklist/server.php:0
[20-Nov-2017 02:18:05 UTC] PHP   2. require_once() /home/ubuntu/workspace/tasklist/server.php:21
[20-Nov-2017 02:18:05 UTC] PHP   3. Illuminate\Foundation\Http\Kernel->handle() /home/ubuntu/workspace/tasklist/public/index.php:54
[20-Nov-2017 02:18:05 UTC] PHP   4. Illuminate\Foundation\Http\Kernel->sendRequestThroughRouter() /home/ubuntu/workspace/tasklist/vendor/laravel/framework/src/Illuminate/Foundation/Http/Kernel.php:87
[20-Nov-2017 02:18:05 UTC] PHP   5. Illuminate\Pipeline\Pipeline->then() /home/ubuntu/workspace/tasklist/vendor/laravel/framework/src/Illuminate/Foundation/Http/Kernel.php:122
[20-Nov-2017 02:18:05 UTC] PHP   6. call_user_func:{/home/ubuntu/workspace/tasklist/vendor/laravel/framework/src/Illuminate/Pipeline/Pipeline.php:103}() /home/ubuntu/workspace/tasklist/vendor/laravel/framework/src/Illuminate/Pipeline/Pipeline.php:103
[20-Nov-2017 02:18:05 UTC] PHP   7. Illuminate\Pipeline\Pipeline->Illuminate\Pipeline\{closure}() /home/ubuntu/workspace/tasklist/vendor/laravel/framework/src/Illuminate/Pipeline/Pipeline.php:103
[20-Nov-2017 02:18:05 UTC] PHP   8. call_user_func_array:{/home/ubuntu/workspace/tasklist/vendor/laravel/framework/src/Illuminate/Pipeline/Pipeline.php:124}() /home/ubuntu/workspace/tasklist/vendor/laravel/framework/src/Illuminate/Pipeline/Pipeline.php:124
[20-Nov-2017 02:18:05 UTC] PHP   9. Illuminate\Foundation\Http\Middleware\CheckForMaintenanceMode->handle() /home/ubuntu/workspace/tasklist/vendor/laravel/framework/src/Illuminate/Pipeline/Pipeline.php:124
[20-Nov-2017 02:18:05 UTC] PHP  10. Illuminate\Pipeline\Pipeline->Illuminate\Pipeline\{closure}() /home/ubuntu/workspace/tasklist/vendor/laravel/framework/src/Illuminate/Foundation/Http/Middleware/CheckForMaintenanceMode.php:44
[20-Nov-2017 02:18:05 UTC] PHP  11. call_user_func_array:{/home/ubuntu/workspace/tasklist/vendor/laravel/framework/src/Illuminate/Pipeline/Pipeline.php:124}() /home/ubuntu/workspace/tasklist/vendor/laravel/framework/src/Illuminate/Pipeline/Pipeline.php:124
[20-Nov-2017 02:18:05 UTC] PHP  12. Illuminate\Cookie\Middleware\EncryptCookies->handle() /home/ubuntu/workspace/tasklist/vendor/laravel/framework/src/Illuminate/Pipeline/Pipeline.php:124
[20-Nov-2017 02:18:05 UTC] PHP  13. Illuminate\Pipeline\Pipeline->Illuminate\Pipeline\{closure}() /home/ubuntu/workspace/tasklist/vendor/laravel/framework/src/Illuminate/Cookie/Middleware/EncryptCookies.php:59
[20-Nov-2017 02:18:05 UTC] PHP  14. call_user_func_array:{/home/ubuntu/workspace/tasklist/vendor/laravel/framework/src/Illuminate/Pipeline/Pipeline.php:124}() /home/ubuntu/workspace/tasklist/vendor/laravel/framework/src/Illuminate/Pipeline/Pipeline.php:124
[20-Nov-2017 02:18:05 UTC] PHP  15. Illuminate\Cookie\Middleware\AddQueuedCookiesToResponse->handle() /home/ubuntu/workspace/tasklist/vendor/laravel/framework/src/Illuminate/Pipeline/Pipeline.php:124
[20-Nov-2017 02:18:05 UTC] PHP  16. Illuminate\Pipeline\Pipeline->Illuminate\Pipeline\{closure}() /home/ubuntu/workspace/tasklist/vendor/laravel/framework/src/Illuminate/Cookie/Middleware/AddQueuedCookiesToResponse.php:37
[20-Nov-2017 02:18:05 UTC] PHP  17. call_user_func_array:{/home/ubuntu/workspace/tasklist/vendor/laravel/framework/src/Illuminate/Pipeline/Pipeline.php:124}() /home/ubuntu/workspace/tasklist/vendor/laravel/framework/src/Illuminate/Pipeline/Pipeline.php:124
[20-Nov-2017 02:18:05 UTC] PHP  18. Illuminate\Session\Middleware\StartSession->handle() /home/ubuntu/workspace/tasklist/vendor/laravel/framework/src/Illuminate/Pipeline/Pipeline.php:124
[20-Nov-2017 02:18:05 UTC] PHP  19. Illuminate\Pipeline\Pipeline->Illuminate\Pipeline\{closure}() /home/ubuntu/workspace/tasklist/vendor/laravel/framework/src/Illuminate/Session/Middleware/StartSession.php:62
[20-Nov-2017 02:18:05 UTC] PHP  20. call_user_func_array:{/home/ubuntu/workspace/tasklist/vendor/laravel/framework/src/Illuminate/Pipeline/Pipeline.php:124}() /home/ubuntu/workspace/tasklist/vendor/laravel/framework/src/Illuminate/Pipeline/Pipeline.php:124
[20-Nov-2017 02:18:05 UTC] PHP  21. Illuminate\View\Middleware\ShareErrorsFromSession->handle() /home/ubuntu/workspace/tasklist/vendor/laravel/framework/src/Illuminate/Pipeline/Pipeline.php:124
[20-Nov-2017 02:18:05 UTC] PHP  22. Illuminate\Pipeline\Pipeline->Illuminate\Pipeline\{closure}() /home/ubuntu/workspace/tasklist/vendor/laravel/framework/src/Illuminate/View/Middleware/ShareErrorsFromSession.php:49
[20-Nov-2017 02:18:05 UTC] PHP  23. call_user_func_array:{/home/ubuntu/workspace/tasklist/vendor/laravel/framework/src/Illuminate/Pipeline/Pipeline.php:124}() /home/ubuntu/workspace/tasklist/vendor/laravel/framework/src/Illuminate/Pipeline/Pipeline.php:124
[20-Nov-2017 02:18:05 UTC] PHP  24. Illuminate\Foundation\Http\Middleware\VerifyCsrfToken->handle() /home/ubuntu/workspace/tasklist/vendor/laravel/framework/src/Illuminate/Pipeline/Pipeline.php:124
[20-Nov-2017 02:18:05 UTC] PHP  25. Illuminate\Pipeline\Pipeline->Illuminate\Pipeline\{closure}() /home/ubuntu/workspace/tasklist/vendor/laravel/framework/src/Illuminate/Foundation/Http/Middleware/VerifyCsrfToken.php:50
[20-Nov-2017 02:18:05 UTC] PHP  26. call_user_func:{/home/ubuntu/workspace/tasklist/vendor/laravel/framework/src/Illuminate/Pipeline/Pipeline.php:139}() /home/ubuntu/workspace/tasklist/vendor/laravel/framework/src/Illuminate/Pipeline/Pipeline.php:139
[20-Nov-2017 02:18:05 UTC] PHP  27. Illuminate\Foundation\Http\Kernel->Illuminate\Foundation\Http\{closure}() /home/ubuntu/workspace/tasklist/vendor/laravel/framework/src/Illuminate/Pipeline/Pipeline.php:139
[20-Nov-2017 02:18:05 UTC] PHP  28. Illuminate\Routing\Router->dispatch() /home/ubuntu/workspace/tasklist/vendor/laravel/framework/src/Illuminate/Foundation/Http/Kernel.php:236
[20-Nov-2017 02:18:05 UTC] PHP  29. Illuminate\Routing\Router->dispatchToRoute() /home/ubuntu/workspace/tasklist/vendor/laravel/framework/src/Illuminate/Routing/Router.php:635
[20-Nov-2017 02:18:05 UTC] PHP  30. Illuminate\Routing\Router->runRouteWithinStack() /home/ubuntu/workspace/tasklist/vendor/laravel/framework/src/Illuminate/Routing/Router.php:675
[20-Nov-2017 02:18:05 UTC] PHP  31. Illuminate\Pipeline\Pipeline->then() /home/ubuntu/workspace/tasklist/vendor/laravel/framework/src/Illuminate/Routing/Router.php:710
[20-Nov-2017 02:18:05 UTC] PHP  32. call_user_func:{/home/ubuntu/workspace/tasklist/vendor/laravel/framework/src/Illuminate/Pipeline/Pipeline.php:103}() /home/ubuntu/workspace/tasklist/vendor/laravel/framework/src/Illuminate/Pipeline/Pipeline.php:103
[20-Nov-2017 02:18:05 UTC] PHP  33. Illuminate\Pipeline\Pipeline->Illuminate\Pipeline\{closure}() /home/ubuntu/workspace/tasklist/vendor/laravel/framework/src/Illuminate/Pipeline/Pipeline.php:103
[20-Nov-2017 02:18:05 UTC] PHP  34. call_user_func:{/home/ubuntu/workspace/tasklist/vendor/laravel/framework/src/Illuminate/Pipeline/Pipeline.php:139}() /home/ubuntu/workspace/tasklist/vendor/laravel/framework/src/Illuminate/Pipeline/Pipeline.php:139
[20-Nov-2017 02:18:05 UTC] PHP  35. Illuminate\Routing\Router->Illuminate\Routing\{closure}() /home/ubuntu/workspace/tasklist/vendor/laravel/framework/src/Illuminate/Pipeline/Pipeline.php:139
[20-Nov-2017 02:18:05 UTC] PHP  36. Illuminate\Routing\Route->run() /home/ubuntu/workspace/tasklist/vendor/laravel/framework/src/Illuminate/Routing/Router.php:708
[20-Nov-2017 02:18:05 UTC] PHP  37. Illuminate\Routing\Route->runWithCustomDispatcher() /home/ubuntu/workspace/tasklist/vendor/laravel/framework/src/Illuminate/Routing/Route.php:134
[20-Nov-2017 02:18:05 UTC] PHP  38. Illuminate\Routing\ControllerDispatcher->dispatch() /home/ubuntu/workspace/tasklist/vendor/laravel/framework/src/Illuminate/Routing/Route.php:203
[20-Nov-2017 02:18:05 UTC] PHP  39. Illuminate\Routing\ControllerDispatcher->callWithinStack() /home/ubuntu/workspace/tasklist/vendor/laravel/framework/src/Illuminate/Routing/ControllerDispatcher.php:69
[20-Nov-2017 02:18:05 UTC] PHP  40. Illuminate\Pipeline\Pipeline->then() /home/ubuntu/workspace/tasklist/vendor/laravel/framework/src/Illuminate/Routing/ControllerDispatcher.php:114
[20-Nov-2017 02:18:05 UTC] PHP  41. call_user_func:{/home/ubuntu/workspace/tasklist/vendor/laravel/framework/src/Illuminate/Pipeline/Pipeline.php:103}() /home/ubuntu/workspace/tasklist/vendor/laravel/framework/src/Illuminate/Pipeline/Pipeline.php:103
[20-Nov-2017 02:18:05 UTC] PHP  42. Illuminate\Pipeline\Pipeline->Illuminate\Pipeline\{closure}() /home/ubuntu/workspace/tasklist/vendor/laravel/framework/src/Illuminate/Pipeline/Pipeline.php:103
[20-Nov-2017 02:18:05 UTC] PHP  43. call_user_func:{/home/ubuntu/workspace/tasklist/vendor/laravel/framework/src/Illuminate/Pipeline/Pipeline.php:139}() /home/ubuntu/workspace/tasklist/vendor/laravel/framework/src/Illuminate/Pipeline/Pipeline.php:139
[20-Nov-2017 02:18:05 UTC] PHP  44. Illuminate\Routing\ControllerDispatcher->Illuminate\Routing\{closure}() /home/ubuntu/workspace/tasklist/vendor/laravel/framework/src/Illuminate/Pipeline/Pipeline.php:139
[20-Nov-2017 02:18:05 UTC] PHP  45. Illuminate\Routing\ControllerDispatcher->call() /home/ubuntu/workspace/tasklist/vendor/laravel/framework/src/Illuminate/Routing/ControllerDispatcher.php:112
[20-Nov-2017 02:18:05 UTC] PHP  46. Illuminate\Routing\Controller->callAction() /home/ubuntu/workspace/tasklist/vendor/laravel/framework/src/Illuminate/Routing/ControllerDispatcher.php:164
[20-Nov-2017 02:18:05 UTC] PHP  47. call_user_func_array:{/home/ubuntu/workspace/tasklist/vendor/laravel/framework/src/Illuminate/Routing/Controller.php:256}() /home/ubuntu/workspace/tasklist/vendor/laravel/framework/src/Illuminate/Routing/Controller.php:256
[20-Nov-2017 02:18:05 UTC] PHP  48. App\Http\Controllers\TasksController->create() /home/ubuntu/workspace/tasklist/vendor/laravel/framework/src/Illuminate/Routing/Controller.php:256
